<?xml version="1.0" encoding="UTF-8"?>
<testsuite xmlns:xsi="http://www.w3.org/2001/XMLSchema-instance" xsi:noNamespaceSchemaLocation="https://maven.apache.org/surefire/maven-surefire-plugin/xsd/surefire-test-report.xsd" name="com.coin.test.CustomerTest" time="0.545" tests="2" errors="0" skipped="0" failures="0">
  <properties>
[...]
</properties>
  <testcase name="CustomerLoginTest" classname="com.coin.test.CustomerTest" time="0.347"/>
  <testcase name="CustomerViewBalanceTest" classname="com.coin.test.CustomerTest" time="0.067"/>
</testsuite>